<?xml version="1.0" encoding="UTF-8"?>
<!-- Generated by org.testng.reporters.JUnitReportReporter -->
<testsuite hostname="DESKTOP-92GA5HL" failures="0" tests="5" name="runner.Runner" time="39.030" errors="0" timestamp="2023-10-23T20:16:44 IST" skipped="0">
  <testcase classname="runner.Runner" name="runScenario" time="3.786"/>
  <testcase classname="runner.Runner" name="runScenario" time="13.805"/>
  <testcase classname="runner.Runner" name="runScenario" time="3.939"/>
  <testcase classname="runner.Runner" name="runScenario" time="6.717"/>
  <testcase classname="runner.Runner" name="runScenario" time="10.783"/>
</testsuite> <!-- runner.Runner -->
